Command line:
   uart_reciver_Tb_isim_beh.exe
     -simmode  gui
     -simrunnum  0
     -socket  50156

Sun Jan 21 16:41:52 2024


 Elaboration Time: 0.046875 sec

 Current Memory Usage: 5150.66 Meg

 Total Signals          : 8
 Total Nets             : 12
 Total Signal Drivers   : 5
 Total Blocks           : 4
 Total Primitive Blocks : 3
 Total Processes        : 4
 Total Traceable Variables  : 14
 Total Scalar Nets and Variables : 496
Total Line Count : 104

 Total Simulation Time: 0.046875 sec

 Current Memory Usage: 5150.66 Meg

Sun Jan 21 16:42:19 2024

