Command line:
   CRCTb_isim_beh.exe
     -simmode  gui
     -simrunnum  0
     -socket  50644

Tue Jan 16 13:02:18 2024


 Elaboration Time: 0.03125 sec

 Current Memory Usage: 5149.97 Meg

 Total Signals          : 28
 Total Nets             : 278
 Total Signal Drivers   : 17
 Total Blocks           : 4
 Total Primitive Blocks : 2
 Total Processes        : 10
 Total Traceable Variables  : 10
 Total Scalar Nets and Variables : 640
Total Line Count : 100

 Total Simulation Time: 0.03125 sec

 Current Memory Usage: 4678.11 Meg

Tue Jan 16 13:21:56 2024

