Command line:
   GOST_Decoder_isim_beh.exe
     -simmode  gui
     -simrunnum  0
     -socket  55827

Mon Jan 15 19:45:19 2024


 Elaboration Time: 0.03125 sec

 Current Memory Usage: 5150.56 Meg

 Total Signals          : 14
 Total Nets             : 23
 Total Signal Drivers   : 10
 Total Blocks           : 2
 Total Primitive Blocks : 2
 Total Processes        : 3
 Total Traceable Variables  : 8
 Total Scalar Nets and Variables : 383
Total Line Count : 21

 Total Simulation Time: 0.046875 sec

 Current Memory Usage: 5150.56 Meg

Mon Jan 15 19:45:31 2024

