Command line:
   SboxGOSTTb_isim_beh.exe
     -simmode  gui
     -simrunnum  0
     -socket  50078

Sun Jan 21 16:28:08 2024


 Elaboration Time: 0.0625 sec

 Current Memory Usage: 5149.96 Meg

 Total Signals          : 17
 Total Nets             : 22
 Total Signal Drivers   : 10
 Total Blocks           : 3
 Total Primitive Blocks : 2
 Total Processes        : 5
 Total Traceable Variables  : 8
 Total Scalar Nets and Variables : 382
Total Line Count : 43

 Total Simulation Time: 0.0625 sec

 Current Memory Usage: 4678.1 Meg

Sun Jan 21 16:30:34 2024

